k                        Main menu                               
Shift-n                  Main menu                               
l                        Choosing an element to create           
Enter                    Choosing an element to create           
Shift-t                  Creating new request                    
e                        Creating new request                    
s                        Creating new request                    
t                        Creating new request                    
Space                    Creating new request                    
Backspace                Creating new request                    
Enter                    Creating new request                    
k                        Main menu                               
j                        Main menu                               
j                        Main menu                               
k                        Main menu                               
Enter                    Main menu                               
j                        Main menu                               
Enter                    Main menu                               
j                        Request menu                            
k                        Request menu                            
h                        Request menu                            
h                        Request menu                            
l                        Request menu                            
h                        Request menu                            
l                        Request menu                            
h                        Request menu                            
l                        Request menu                            
j                        Request menu                            
k                        Request menu                            
h                        Request menu                            
l                        Request menu                            
Shift-u                  Request menu                            
h                        Editing request URL                     
t                        Editing request URL                     
t                        Editing request URL                     
p                        Editing request URL                     
s                        Editing request URL                     
:                        Editing request URL                     
/                        Editing request URL                     
/                        Editing request URL                     
a                        Editing request URL                     
p                        Editing request URL                     
i                        Editing request URL                     
.                        Editing request URL                     
c                        Editing request URL                     
h                        Editing request URL                     
u                        Editing request URL                     
c                        Editing request URL                     
k                        Editing request URL                     
n                        Editing request URL                     
o                        Editing request URL                     
r                        Editing request URL                     
r                        Editing request URL                     
i                        Editing request URL                     
s                        Editing request URL                     
.                        Editing request URL                     
i                        Editing request URL                     
o                        Editing request URL                     
/                        Editing request URL                     
j                        Editing request URL                     
o                        Editing request URL                     
k                        Editing request URL                     
e                        Editing request URL                     
s                        Editing request URL                     
/                        Editing request URL                     
r                        Editing request URL                     
a                        Editing request URL                     
n                        Editing request URL                     
d                        Editing request URL                     
o                        Editing request URL                     
m                        Editing request URL                     
Enter                    Editing request URL                     
Space                    Request menu                            
t                        Request menu                            
t                        Request menu                            
t                        Request menu                            
t                        Request menu                            
t                        Request menu                            
t                        Request menu                            
k                        Request menu                            
j                        Request menu                            
k                        Request menu                            
j                        Request menu                            
Shift-h                  Request menu                            
Esc                      Request menu                            
Shift-h                  Request menu                            
Esc                      Request menu                            
Shift-h                  Request menu                            
Esc                      Request menu                            
k                        Request menu                            
Enter                    Request menu                            
Enter                    Request menu                            
Shift-h                  Request menu                            
Esc                      Request menu                            
Shift-y                  Request menu                            
Shift-y                  Request menu                            
Shift-y                  Request menu                            
Shift-y                  Request menu                            
Shift-y                  Request menu                            
Shift-y                  Request menu                            
Shift-y                  Request menu                            
Shift-y                  Request menu                            
t                        Request menu                            
t                        Request menu                            
t                        Request menu                            
t                        Request menu                            
h                        Request menu                            
t                        Request menu                            
t                        Request menu                            
t                        Request menu                            
t                        Request menu                            
t                        Request menu                            
h                        Request menu                            
t                        Request menu                            
t                        Request menu                            
t                        Request menu                            
t                        Request menu                            
t                        Request menu                            
Space                    Request menu                            
Space                    Request menu                            
t                        Request menu                            
t                        Request menu                            
t                        Request menu                            
t                        Request menu                            
t                        Request menu                            
h                        Request menu                            
Shift-h                  Request menu                            
Esc                      Request menu                            
l                        Request menu                            
l                        Request menu                            
t                        Request menu                            
t                        Request menu                            
t                        Request menu                            
t                        Request menu                            
t                        Request menu                            
Shift-h                  Request menu                            
Esc                      Request menu                            
l                        Request menu                            
h                        Request menu                            
l                        Request menu                            
h                        Request menu                            
l                        Request menu                            
j                        Request menu                            
k                        Request menu                            
j                        Request menu                            
k                        Request menu                            
j                        Request menu                            
k                        Request menu                            
h                        Request menu                            
l                        Request menu                            
l                        Request menu                            
h                        Request menu                            
l                        Request menu                            
h                        Request menu                            
l                        Request menu                            
h                        Request menu                            
l                        Request menu                            
Esc                      Request menu                            
q                        Main menu                               
